#
# An unexpected error has occurred (6)
#
Stack:
/lib/x86_64-linux-gnu/libc.so.6(+0x42520) [0x7f272cc42520]
/lib/x86_64-linux-gnu/libc.so.6(pthread_kill+0x12c) [0x7f272cc969fc]
/lib/x86_64-linux-gnu/libc.so.6(raise+0x16) [0x7f272cc42476]
/lib/x86_64-linux-gnu/libc.so.6(abort+0xd3) [0x7f272cc287f3]
/opt/Xilinx/Vivado/2022.2/lib/lnx64.o/Ubuntu/libstdc++.so.6(+0x8ba13) [0x7f272d48ba13]
/opt/Xilinx/Vivado/2022.2/lib/lnx64.o/Ubuntu/libstdc++.so.6(+0x91b86) [0x7f272d491b86]
/opt/Xilinx/Vivado/2022.2/lib/lnx64.o/Ubuntu/libstdc++.so.6(+0x90c79) [0x7f272d490c79]
/opt/Xilinx/Vivado/2022.2/lib/lnx64.o/Ubuntu/libstdc++.so.6(__gxx_personality_v0+0x2c5) [0x7f272d4915c5]
/opt/Xilinx/Vivado/2022.2/lib/lnx64.o/Ubuntu/libgcc_s.so.1(+0x104e3) [0x7f272d0104e3]
/opt/Xilinx/Vivado/2022.2/lib/lnx64.o/Ubuntu/libgcc_s.so.1(_Unwind_Resume+0x125) [0x7f272d010d65]
/opt/Xilinx/Vivado/2022.2/lib/lnx64.o/librdi_device.so(+0x5654d3) [0x7f27137654d3]
/opt/Xilinx/Vivado/2022.2/lib/lnx64.o/librdi_coregen.so(HACGDeviceData::~HACGDeviceData()+0x8a) [0x7f27183fa25a]
/opt/Xilinx/Vivado/2022.2/lib/lnx64.o/librdi_coregen.so(HACGDeviceData::~HACGDeviceData()+0x9) [0x7f27183fa349]
/opt/Xilinx/Vivado/2022.2/lib/lnx64.o/librdi_coregen.so(HACGDeviceMgr::~HACGDeviceMgr()+0x27) [0x7f2718406a87]
/opt/Xilinx/Vivado/2022.2/lib/lnx64.o/librdi_coregen.so(HACGIPMgr::~HACGIPMgr()+0x60) [0x7f27177243f0]
/opt/Xilinx/Vivado/2022.2/lib/lnx64.o/librdi_coregen.so(HACGIPMgr::~HACGIPMgr()+0x9) [0x7f2717724869]
/opt/Xilinx/Vivado/2022.2/lib/lnx64.o/librdi_project.so(HAPRProject::~HAPRProject()+0xad) [0x7f270716355d]
/opt/Xilinx/Vivado/2022.2/lib/lnx64.o/librdi_project.so(HAPRProject::~HAPRProject()+0x9) [0x7f2707164b59]
/opt/Xilinx/Vivado/2022.2/lib/lnx64.o/librdi_project.so(HAPRMgr::closeProject(HAPRIProject*, bool, HDGUIStatus&)+0x31b) [0x7f27070e15fb]
/opt/Xilinx/Vivado/2022.2/lib/lnx64.o/librdi_coretasks.so(+0x42f191) [0x7f26ef82f191]
/opt/Xilinx/Vivado/2022.2/lib/lnx64.o/librdi_common.so(+0xb9430f) [0x7f272e39430f]
/opt/Xilinx/Vivado/2022.2/lib/lnx64.o/libtcl8.5.so(+0x3356f) [0x7f2727a3356f]
/opt/Xilinx/Vivado/2022.2/lib/lnx64.o/libtcl8.5.so(+0x76945) [0x7f2727a76945]
/opt/Xilinx/Vivado/2022.2/lib/lnx64.o/libtcl8.5.so(+0x7e0f9) [0x7f2727a7e0f9]
/opt/Xilinx/Vivado/2022.2/lib/lnx64.o/libtcl8.5.so(TclEvalObjEx+0x76) [0x7f2727a35216]
/opt/Xilinx/Vivado/2022.2/lib/lnx64.o/librdi_common.so(+0xb91c33) [0x7f272e391c33]
/opt/Xilinx/Vivado/2022.2/lib/lnx64.o/libtcl8.5.so(Tcl_ServiceEvent+0x7f) [0x7f2727aa7bef]
/opt/Xilinx/Vivado/2022.2/lib/lnx64.o/libtcl8.5.so(Tcl_DoOneEvent+0x154) [0x7f2727aa7f24]
/opt/Xilinx/Vivado/2022.2/lib/lnx64.o/librdi_commontasks.so(+0x2b3c27) [0x7f27208b3c27]
/opt/Xilinx/Vivado/2022.2/lib/lnx64.o/librdi_commontasks.so(+0x2bc4f7) [0x7f27208bc4f7]
/opt/Xilinx/Vivado/2022.2/lib/lnx64.o/librdi_commontasks.so(+0x2bcdff) [0x7f27208bcdff]
/opt/Xilinx/Vivado/2022.2/lib/lnx64.o/librdi_common.so(+0xb9430f) [0x7f272e39430f]
/opt/Xilinx/Vivado/2022.2/lib/lnx64.o/libtcl8.5.so(+0x3356f) [0x7f2727a3356f]
/opt/Xilinx/Vivado/2022.2/lib/lnx64.o/libtcl8.5.so(+0x76945) [0x7f2727a76945]
/opt/Xilinx/Vivado/2022.2/lib/lnx64.o/libtcl8.5.so(+0x7e0f9) [0x7f2727a7e0f9]
/opt/Xilinx/Vivado/2022.2/lib/lnx64.o/libtcl8.5.so(TclEvalObjEx+0x76) [0x7f2727a35216]
/opt/Xilinx/Vivado/2022.2/lib/lnx64.o/librdi_commonmain.so(+0xc3d8) [0x7f272ee973d8]
/opt/Xilinx/Vivado/2022.2/lib/lnx64.o/libtcl8.5.so(Tcl_Main+0x1d0) [0x7f2727aa02f0]
/opt/Xilinx/Vivado/2022.2/lib/lnx64.o/librdi_common.so(+0xbc17ab) [0x7f272e3c17ab]
/lib/x86_64-linux-gnu/libc.so.6(+0x94ac3) [0x7f272cc94ac3]
/lib/x86_64-linux-gnu/libc.so.6(+0x126850) [0x7f272cd26850]
